The target system is: Emscripten - 1 - x86
The host system is: Windows - 10.0.22621 - AMD64
Performing C++ SOURCE FILE Test CMAKE_HAVE_LIBC_PTHREAD succeeded with the following output:
Change Dir: E:/Github/Qt-Projects/build-PlasmaDB-WebAssembly_Qt_6_5_1_multi_threaded-Debug/CMakeFiles/CMakeTmp

Run Build Command(s):E:/Qt/Tools/Ninja/ninja.exe cmTC_3041e && [1/2] Building CXX object CMakeFiles/cmTC_3041e.dir/src.cxx.o
[2/2] Linking CXX executable cmTC_3041e.js


Source file was:
#include <pthread.h>

static void* test_func(void* data)
{
  return data;
}

int main(void)
{
  pthread_t thread;
  pthread_create(&thread, NULL, test_func, NULL);
  pthread_detach(thread);
  pthread_cancel(thread);
  pthread_join(thread, NULL);
  pthread_atfork(NULL, NULL, NULL);
  pthread_exit(NULL);

  return 0;
}

Performing C++ SOURCE FILE Test HAVE_STDATOMIC succeeded with the following output:
Change Dir: E:/Github/Qt-Projects/build-PlasmaDB-WebAssembly_Qt_6_5_1_multi_threaded-Debug/CMakeFiles/CMakeTmp

Run Build Command(s):E:/Qt/Tools/Ninja/ninja.exe cmTC_fe988 && [1/2] Building CXX object CMakeFiles/cmTC_fe988.dir/src.cxx.o
[2/2] Linking CXX executable cmTC_fe988.js


Source file was:
#include <atomic>
#include <cstdint>

int main(int, char **)
{
    volatile std::atomic<char>    size_1;
    volatile std::atomic<short>   size_2;
    volatile std::atomic<int>     size_4;
    volatile std::atomic<int64_t> size_8;

    ++size_1;
    ++size_2;
    ++size_4;
    ++size_8;

    (void)size_1.load(std::memory_order_relaxed);
    (void)size_2.load(std::memory_order_relaxed);
    (void)size_4.load(std::memory_order_relaxed);
    (void)size_8.load(std::memory_order_relaxed);

    return 0;
}
Performing C++ SOURCE FILE Test HAVE_GETTIME succeeded with the following output:
Change Dir: E:/Github/Qt-Projects/build-PlasmaDB-WebAssembly_Qt_6_5_1_multi_threaded-Debug/CMakeFiles/CMakeTmp

Run Build Command(s):E:/Qt/Tools/Ninja/ninja.exe cmTC_505ab && [1/2] Building CXX object CMakeFiles/cmTC_505ab.dir/src.cxx.o
[2/2] Linking CXX executable cmTC_505ab.js


Source file was:

#include <unistd.h>
#include <time.h>

int main(int, char **) {
    timespec ts; clock_gettime(CLOCK_REALTIME, &ts);
}
Performing C++ SOURCE FILE Test HAVE_EGL succeeded with the following output:
Change Dir: E:/Github/Qt-Projects/build-PlasmaDB-WebAssembly_Qt_6_5_1_multi_threaded-Debug/CMakeFiles/CMakeTmp

Run Build Command(s):E:/Qt/Tools/Ninja/ninja.exe cmTC_dca43 && [1/2] Building CXX object CMakeFiles/cmTC_dca43.dir/src.cxx.o
[2/2] Linking CXX executable cmTC_dca43.js


Source file was:

#include <EGL/egl.h>

int main(int, char **) {
    EGLint x = 0; EGLDisplay dpy = 0; EGLContext ctx = 0;
    eglDestroyContext(dpy, ctx);
}
